[ 2025-12-13 18:09:59,693 ] 97 werkzeug - WARNING -  * Debugger is active!
[ 2025-12-13 18:09:59,696 ] 97 werkzeug - INFO -  * Debugger PIN: 601-599-574
[ 2025-12-13 18:10:11,305 ] 97 werkzeug - INFO - 127.0.0.1 - - [13/Dec/2025 18:10:11] "GET / HTTP/1.1" 200 -
[ 2025-12-13 18:10:12,788 ] 97 werkzeug - INFO - 127.0.0.1 - - [13/Dec/2025 18:10:12] "GET /predictdata HTTP/1.1" 200 -
[ 2025-12-13 18:10:21,062 ] 424 shap - INFO - num_full_subsets = 2
[ 2025-12-13 18:10:21,062 ] 435 shap - INFO - remaining_weight_vector = array([0.21046803, 0.16837443, 0.14432094, 0.12951879, 0.12026745,
       0.11480075, 0.11224962])
[ 2025-12-13 18:10:21,062 ] 436 shap - INFO - num_paired_subset_sizes = 9
[ 2025-12-13 18:10:21,070 ] 475 shap - INFO - weight_left = np.float64(0.5381032434909889)
[ 2025-12-13 18:10:21,072 ] 648 shap - INFO - np.sum(w_aug) = np.float64(19.0)
[ 2025-12-13 18:10:21,072 ] 649 shap - INFO - np.sum(self.kernelWeights) = np.float64(0.9999999999999998)
[ 2025-12-13 18:10:21,073 ] 730 shap - INFO - phi = array([ 0.00000000e+00,  0.00000000e+00,  1.08592970e+10, -1.09303521e+10,
        0.00000000e+00,  1.91374780e+09, -8.66099226e+08, -5.37692216e+08,
       -3.41049046e+08,  0.00000000e+00,  0.00000000e+00,  0.00000000e+00,
        0.00000000e+00,  0.00000000e+00,  0.00000000e+00,  6.84098839e+09,
       -6.87957804e+09,  3.86413862e+09, -3.92340128e+09])
[ 2025-12-13 18:10:21,074 ] 97 werkzeug - INFO - 127.0.0.1 - - [13/Dec/2025 18:10:21] "POST /predictdata HTTP/1.1" 200 -
[ 2025-12-13 18:10:42,264 ] 424 shap - INFO - num_full_subsets = 2
[ 2025-12-13 18:10:42,265 ] 435 shap - INFO - remaining_weight_vector = array([0.21046803, 0.16837443, 0.14432094, 0.12951879, 0.12026745,
       0.11480075, 0.11224962])
[ 2025-12-13 18:10:42,265 ] 436 shap - INFO - num_paired_subset_sizes = 9
[ 2025-12-13 18:10:42,280 ] 475 shap - INFO - weight_left = np.float64(0.5381032434909889)
[ 2025-12-13 18:10:42,282 ] 648 shap - INFO - np.sum(w_aug) = np.float64(19.0)
[ 2025-12-13 18:10:42,282 ] 649 shap - INFO - np.sum(self.kernelWeights) = np.float64(0.9999999999999997)
[ 2025-12-13 18:10:42,284 ] 730 shap - INFO - phi = array([ 0.00000000e+00,  0.00000000e+00,  1.08762691e+10, -1.09274342e+10,
        0.00000000e+00,  1.89802234e+09, -8.58206022e+08, -5.34433610e+08,
       -3.34243711e+08,  0.00000000e+00,  0.00000000e+00,  0.00000000e+00,
        0.00000000e+00,  0.00000000e+00,  0.00000000e+00,  6.83695511e+09,
       -6.89543422e+09,  3.86541261e+09, -3.92690744e+09])
[ 2025-12-13 18:10:42,285 ] 97 werkzeug - INFO - 127.0.0.1 - - [13/Dec/2025 18:10:42] "POST /predictdata HTTP/1.1" 200 -
[ 2025-12-13 18:10:51,614 ] 424 shap - INFO - num_full_subsets = 2
[ 2025-12-13 18:10:51,615 ] 435 shap - INFO - remaining_weight_vector = array([0.21046803, 0.16837443, 0.14432094, 0.12951879, 0.12026745,
       0.11480075, 0.11224962])
[ 2025-12-13 18:10:51,615 ] 436 shap - INFO - num_paired_subset_sizes = 9
[ 2025-12-13 18:10:51,629 ] 475 shap - INFO - weight_left = np.float64(0.5381032434909889)
[ 2025-12-13 18:10:51,631 ] 648 shap - INFO - np.sum(w_aug) = np.float64(19.0)
[ 2025-12-13 18:10:51,631 ] 649 shap - INFO - np.sum(self.kernelWeights) = np.float64(0.9999999999999997)
[ 2025-12-13 18:10:51,633 ] 730 shap - INFO - phi = array([ 0.00000000e+00,  0.00000000e+00,  1.08718677e+10, -1.09263269e+10,
       -3.38713222e+08,  1.89810916e+09, -8.52515967e+08, -5.30952721e+08,
        0.00000000e+00,  0.00000000e+00,  0.00000000e+00,  0.00000000e+00,
        0.00000000e+00,  0.00000000e+00,  0.00000000e+00,  6.81976573e+09,
       -6.89866795e+09, -1.77558002e+09,  1.73301422e+09])
[ 2025-12-13 18:10:51,634 ] 97 werkzeug - INFO - 127.0.0.1 - - [13/Dec/2025 18:10:51] "POST /predictdata HTTP/1.1" 200 -
[ 2025-12-13 18:13:53,184 ] 97 werkzeug - INFO -  * Detected change in '/Users/denizardasanal/StudentPerformancePrediction/src/pipeline/prediction_pipeline.py', reloading
