[ 2025-12-13 18:02:59,003 ] 97 werkzeug - WARNING -  * Debugger is active!
[ 2025-12-13 18:02:59,007 ] 97 werkzeug - INFO -  * Debugger PIN: 601-599-574
[ 2025-12-13 18:03:09,688 ] 97 werkzeug - INFO - 127.0.0.1 - - [13/Dec/2025 18:03:09] "GET / HTTP/1.1" 200 -
[ 2025-12-13 18:03:11,602 ] 97 werkzeug - INFO - 127.0.0.1 - - [13/Dec/2025 18:03:11] "GET /predictdata HTTP/1.1" 200 -
[ 2025-12-13 18:03:22,501 ] 424 shap - INFO - num_full_subsets = 2
[ 2025-12-13 18:03:22,501 ] 435 shap - INFO - remaining_weight_vector = array([0.21046803, 0.16837443, 0.14432094, 0.12951879, 0.12026745,
       0.11480075, 0.11224962])
[ 2025-12-13 18:03:22,501 ] 436 shap - INFO - num_paired_subset_sizes = 9
[ 2025-12-13 18:03:22,518 ] 475 shap - INFO - weight_left = np.float64(0.5381032434909889)
[ 2025-12-13 18:03:22,520 ] 648 shap - INFO - np.sum(w_aug) = np.float64(19.0)
[ 2025-12-13 18:03:22,520 ] 649 shap - INFO - np.sum(self.kernelWeights) = np.float64(0.9999999999999998)
[ 2025-12-13 18:03:22,521 ] 730 shap - INFO - phi = array([ 0.00000000e+00,  0.00000000e+00,  1.08751299e+10, -1.09349622e+10,
        0.00000000e+00,  1.90177713e+09, -8.60725292e+08, -5.23175721e+08,
       -3.39742896e+08,  0.00000000e+00,  0.00000000e+00,  0.00000000e+00,
        0.00000000e+00,  0.00000000e+00,  0.00000000e+00,  6.82656520e+09,
       -6.88940458e+09,  3.87929337e+09, -3.93475489e+09])
[ 2025-12-13 18:03:22,522 ] 97 werkzeug - INFO - 127.0.0.1 - - [13/Dec/2025 18:03:22] "POST /predictdata HTTP/1.1" 200 -
[ 2025-12-13 18:03:38,007 ] 424 shap - INFO - num_full_subsets = 2
[ 2025-12-13 18:03:38,008 ] 435 shap - INFO - remaining_weight_vector = array([0.21046803, 0.16837443, 0.14432094, 0.12951879, 0.12026745,
       0.11480075, 0.11224962])
[ 2025-12-13 18:03:38,008 ] 436 shap - INFO - num_paired_subset_sizes = 9
[ 2025-12-13 18:03:38,022 ] 475 shap - INFO - weight_left = np.float64(0.5381032434909889)
[ 2025-12-13 18:03:38,024 ] 648 shap - INFO - np.sum(w_aug) = np.float64(19.0)
[ 2025-12-13 18:03:38,024 ] 649 shap - INFO - np.sum(self.kernelWeights) = np.float64(0.9999999999999996)
[ 2025-12-13 18:03:38,026 ] 730 shap - INFO - phi = array([ 0.00000000e+00,  0.00000000e+00, -9.31455159e+09,  9.24756361e+09,
       -3.18633014e+08, -6.09164401e+08,  1.64090795e+09, -5.16561884e+08,
        0.00000000e+00,  0.00000000e+00,  0.00000000e+00,  0.00000000e+00,
        0.00000000e+00,  0.00000000e+00,  0.00000000e+00,  6.83785873e+09,
       -6.89653853e+09,  3.86553746e+09, -3.93641831e+09])
[ 2025-12-13 18:03:38,026 ] 97 werkzeug - INFO - 127.0.0.1 - - [13/Dec/2025 18:03:38] "POST /predictdata HTTP/1.1" 200 -
[ 2025-12-13 18:04:10,311 ] 424 shap - INFO - num_full_subsets = 2
[ 2025-12-13 18:04:10,311 ] 435 shap - INFO - remaining_weight_vector = array([0.21046803, 0.16837443, 0.14432094, 0.12951879, 0.12026745,
       0.11480075, 0.11224962])
[ 2025-12-13 18:04:10,311 ] 436 shap - INFO - num_paired_subset_sizes = 9
[ 2025-12-13 18:04:10,325 ] 475 shap - INFO - weight_left = np.float64(0.5381032434909889)
[ 2025-12-13 18:04:10,327 ] 648 shap - INFO - np.sum(w_aug) = np.float64(19.0)
[ 2025-12-13 18:04:10,327 ] 649 shap - INFO - np.sum(self.kernelWeights) = np.float64(0.9999999999999998)
[ 2025-12-13 18:04:10,329 ] 730 shap - INFO - phi = array([ 0.00000000e+00,  0.00000000e+00,  1.08801656e+10, -1.09311377e+10,
        0.00000000e+00, -6.05988765e+08, -8.67281550e+08,  1.97939265e+09,
       -3.37630359e+08,  0.00000000e+00,  0.00000000e+00,  0.00000000e+00,
        0.00000000e+00,  0.00000000e+00,  0.00000000e+00,  6.82512684e+09,
       -6.88537878e+09,  3.87058000e+09, -3.92784795e+09])
[ 2025-12-13 18:04:10,330 ] 97 werkzeug - INFO - 127.0.0.1 - - [13/Dec/2025 18:04:10] "POST /predictdata HTTP/1.1" 200 -
[ 2025-12-13 18:09:58,999 ] 97 werkzeug - INFO -  * Detected change in '/Users/denizardasanal/StudentPerformancePrediction/src/pipeline/prediction_pipeline.py', reloading
