[ 2025-12-13 17:50:06,539 ] 97 werkzeug - WARNING -  * Debugger is active!
[ 2025-12-13 17:50:06,544 ] 97 werkzeug - INFO -  * Debugger PIN: 601-599-574
[ 2025-12-13 17:50:11,337 ] 97 werkzeug - INFO - 127.0.0.1 - - [13/Dec/2025 17:50:11] "GET / HTTP/1.1" 200 -
[ 2025-12-13 17:50:12,229 ] 97 werkzeug - INFO - 127.0.0.1 - - [13/Dec/2025 17:50:12] "[33mGET /favicon.ico HTTP/1.1[0m" 404 -
[ 2025-12-13 17:50:13,467 ] 97 werkzeug - INFO - 127.0.0.1 - - [13/Dec/2025 17:50:13] "GET /predictdata HTTP/1.1" 200 -
[ 2025-12-13 17:50:24,863 ] 424 shap - INFO - num_full_subsets = 2
[ 2025-12-13 17:50:24,863 ] 435 shap - INFO - remaining_weight_vector = array([0.21046803, 0.16837443, 0.14432094, 0.12951879, 0.12026745,
       0.11480075, 0.11224962])
[ 2025-12-13 17:50:24,863 ] 436 shap - INFO - num_paired_subset_sizes = 9
[ 2025-12-13 17:50:24,871 ] 475 shap - INFO - weight_left = np.float64(0.5381032434909889)
[ 2025-12-13 17:50:24,876 ] 648 shap - INFO - np.sum(w_aug) = np.float64(19.0)
[ 2025-12-13 17:50:24,876 ] 649 shap - INFO - np.sum(self.kernelWeights) = np.float64(0.9999999999999998)
[ 2025-12-13 17:50:24,880 ] 730 shap - INFO - phi = array([ 0.00000000e+00,  0.00000000e+00,  1.08893408e+10, -1.09368245e+10,
        0.00000000e+00,  1.90309110e+09, -8.47026806e+08, -5.32038438e+08,
       -3.36860964e+08,  0.00000000e+00,  0.00000000e+00,  0.00000000e+00,
        0.00000000e+00,  0.00000000e+00,  0.00000000e+00,  6.81802087e+09,
       -6.88878965e+09, -1.78013416e+09,  1.71122171e+09])
[ 2025-12-13 17:50:24,880 ] 97 werkzeug - INFO - 127.0.0.1 - - [13/Dec/2025 17:50:24] "POST /predictdata HTTP/1.1" 200 -
[ 2025-12-13 17:50:54,262 ] 424 shap - INFO - num_full_subsets = 2
[ 2025-12-13 17:50:54,262 ] 435 shap - INFO - remaining_weight_vector = array([0.21046803, 0.16837443, 0.14432094, 0.12951879, 0.12026745,
       0.11480075, 0.11224962])
[ 2025-12-13 17:50:54,262 ] 436 shap - INFO - num_paired_subset_sizes = 9
[ 2025-12-13 17:50:54,277 ] 475 shap - INFO - weight_left = np.float64(0.5381032434909889)
[ 2025-12-13 17:50:54,279 ] 648 shap - INFO - np.sum(w_aug) = np.float64(19.0)
[ 2025-12-13 17:50:54,279 ] 649 shap - INFO - np.sum(self.kernelWeights) = np.float64(0.9999999999999998)
[ 2025-12-13 17:50:54,281 ] 730 shap - INFO - phi = array([ 0.00000000e+00,  0.00000000e+00, -9.32053241e+09,  9.25922990e+09,
       -3.27967425e+08, -6.13541804e+08, -8.57934815e+08,  1.98690648e+09,
        0.00000000e+00,  0.00000000e+00,  0.00000000e+00,  0.00000000e+00,
        0.00000000e+00,  0.00000000e+00,  0.00000000e+00,  6.82840265e+09,
       -6.89604270e+09, -1.78432943e+09,  1.72580960e+09])
[ 2025-12-13 17:50:54,282 ] 97 werkzeug - INFO - 127.0.0.1 - - [13/Dec/2025 17:50:54] "POST /predictdata HTTP/1.1" 200 -
[ 2025-12-13 17:51:17,367 ] 424 shap - INFO - num_full_subsets = 2
[ 2025-12-13 17:51:17,368 ] 435 shap - INFO - remaining_weight_vector = array([0.21046803, 0.16837443, 0.14432094, 0.12951879, 0.12026745,
       0.11480075, 0.11224962])
[ 2025-12-13 17:51:17,368 ] 436 shap - INFO - num_paired_subset_sizes = 9
[ 2025-12-13 17:51:17,381 ] 475 shap - INFO - weight_left = np.float64(0.5381032434909889)
[ 2025-12-13 17:51:17,383 ] 648 shap - INFO - np.sum(w_aug) = np.float64(19.0)
[ 2025-12-13 17:51:17,383 ] 649 shap - INFO - np.sum(self.kernelWeights) = np.float64(0.9999999999999998)
[ 2025-12-13 17:51:17,385 ] 730 shap - INFO - phi = array([ 0.00000000e+00,  0.00000000e+00, -9.32373351e+09,  9.26480410e+09,
        0.00000000e+00, -5.95399213e+08,  1.64636728e+09, -5.35828204e+08,
       -3.26755928e+08,  0.00000000e+00,  0.00000000e+00,  0.00000000e+00,
        0.00000000e+00,  0.00000000e+00,  0.00000000e+00,  6.81660104e+09,
       -6.88318189e+09, -1.78947857e+09,  1.72660492e+09])
[ 2025-12-13 17:51:17,385 ] 97 werkzeug - INFO - 127.0.0.1 - - [13/Dec/2025 17:51:17] "POST /predictdata HTTP/1.1" 200 -
[ 2025-12-13 17:51:36,851 ] 424 shap - INFO - num_full_subsets = 2
[ 2025-12-13 17:51:36,851 ] 435 shap - INFO - remaining_weight_vector = array([0.21046803, 0.16837443, 0.14432094, 0.12951879, 0.12026745,
       0.11480075, 0.11224962])
[ 2025-12-13 17:51:36,851 ] 436 shap - INFO - num_paired_subset_sizes = 9
[ 2025-12-13 17:51:36,874 ] 475 shap - INFO - weight_left = np.float64(0.5381032434909889)
[ 2025-12-13 17:51:36,876 ] 648 shap - INFO - np.sum(w_aug) = np.float64(19.0)
[ 2025-12-13 17:51:36,876 ] 649 shap - INFO - np.sum(self.kernelWeights) = np.float64(0.9999999999999999)
[ 2025-12-13 17:51:36,877 ] 730 shap - INFO - phi = array([ 0.00000000e+00,  0.00000000e+00, -9.31021950e+09,  9.26275382e+09,
       -3.35670810e+08, -5.99350908e+08,  1.65501771e+09, -5.35075965e+08,
        0.00000000e+00,  0.00000000e+00,  0.00000000e+00,  0.00000000e+00,
        0.00000000e+00,  0.00000000e+00,  0.00000000e+00, -1.22253924e+10,
        1.21533643e+10, -1.77647955e+09,  1.71105330e+09])
[ 2025-12-13 17:51:36,878 ] 97 werkzeug - INFO - 127.0.0.1 - - [13/Dec/2025 17:51:36] "POST /predictdata HTTP/1.1" 200 -
[ 2025-12-13 17:55:11,620 ] 97 werkzeug - INFO -  * Detected change in '/Users/denizardasanal/StudentPerformancePrediction/src/pipeline/prediction_pipeline.py', reloading
