[ 2025-12-13 18:33:37,208 ] 97 werkzeug - WARNING -  * Debugger is active!
[ 2025-12-13 18:33:37,212 ] 97 werkzeug - INFO -  * Debugger PIN: 601-599-574
[ 2025-12-13 18:33:39,408 ] 97 werkzeug - INFO - 127.0.0.1 - - [13/Dec/2025 18:33:39] "GET /predictdata HTTP/1.1" 200 -
[ 2025-12-13 18:33:53,276 ] 424 shap - INFO - num_full_subsets = 2
[ 2025-12-13 18:33:53,276 ] 435 shap - INFO - remaining_weight_vector = array([0.21046803, 0.16837443, 0.14432094, 0.12951879, 0.12026745,
       0.11480075, 0.11224962])
[ 2025-12-13 18:33:53,276 ] 436 shap - INFO - num_paired_subset_sizes = 9
[ 2025-12-13 18:33:53,284 ] 475 shap - INFO - weight_left = np.float64(0.5381032434909889)
[ 2025-12-13 18:33:53,286 ] 648 shap - INFO - np.sum(w_aug) = np.float64(19.0)
[ 2025-12-13 18:33:53,286 ] 649 shap - INFO - np.sum(self.kernelWeights) = np.float64(0.9999999999999999)
[ 2025-12-13 18:33:53,287 ] 730 shap - INFO - phi = array([-11.81712614,  -4.29742938,  -3.47470897,  -3.38910528,
         0.        ,   0.        ,  -0.69551156,   0.        ,
        -0.41663421,   0.        ,  -0.89058573,   0.        ,
         0.        ,   0.        ,   0.        ,   0.73685313,
         0.        ,  -1.04255626,  -1.02194343])
[ 2025-12-13 18:33:53,288 ] 97 werkzeug - INFO - 127.0.0.1 - - [13/Dec/2025 18:33:53] "POST /predictdata HTTP/1.1" 200 -
[ 2025-12-13 18:35:27,513 ] 97 werkzeug - INFO - 127.0.0.1 - - [13/Dec/2025 18:35:27] "GET / HTTP/1.1" 200 -
[ 2025-12-13 18:35:31,933 ] 97 werkzeug - INFO - 127.0.0.1 - - [13/Dec/2025 18:35:31] "GET /predictdata HTTP/1.1" 200 -
[ 2025-12-13 18:35:58,263 ] 97 werkzeug - INFO - 127.0.0.1 - - [13/Dec/2025 18:35:58] "GET / HTTP/1.1" 200 -
[ 2025-12-13 18:36:06,615 ] 97 werkzeug - INFO - 127.0.0.1 - - [13/Dec/2025 18:36:06] "GET /predictdata HTTP/1.1" 200 -
[ 2025-12-13 18:36:18,917 ] 424 shap - INFO - num_full_subsets = 2
[ 2025-12-13 18:36:18,918 ] 435 shap - INFO - remaining_weight_vector = array([0.21046803, 0.16837443, 0.14432094, 0.12951879, 0.12026745,
       0.11480075, 0.11224962])
[ 2025-12-13 18:36:18,918 ] 436 shap - INFO - num_paired_subset_sizes = 9
[ 2025-12-13 18:36:18,932 ] 475 shap - INFO - weight_left = np.float64(0.5381032434909889)
[ 2025-12-13 18:36:18,936 ] 648 shap - INFO - np.sum(w_aug) = np.float64(18.999999999999996)
[ 2025-12-13 18:36:18,936 ] 649 shap - INFO - np.sum(self.kernelWeights) = np.float64(0.9999999999999998)
[ 2025-12-13 18:36:18,937 ] 730 shap - INFO - phi = array([-1.16161125, -0.14970741, -3.47265474, -3.48032088,  0.        ,
        0.        ,  0.        ,  0.        , -0.46549597,  0.        ,
       -0.90496162,  0.        ,  0.        ,  0.        ,  0.        ,
        0.68412909,  0.68337288, -1.10333135, -1.08644779])
[ 2025-12-13 18:36:18,938 ] 97 werkzeug - INFO - 127.0.0.1 - - [13/Dec/2025 18:36:18] "POST /predictdata HTTP/1.1" 200 -
[ 2025-12-13 18:36:35,877 ] 424 shap - INFO - num_full_subsets = 2
[ 2025-12-13 18:36:35,878 ] 435 shap - INFO - remaining_weight_vector = array([0.21046803, 0.16837443, 0.14432094, 0.12951879, 0.12026745,
       0.11480075, 0.11224962])
[ 2025-12-13 18:36:35,878 ] 436 shap - INFO - num_paired_subset_sizes = 9
[ 2025-12-13 18:36:35,892 ] 475 shap - INFO - weight_left = np.float64(0.5381032434909889)
[ 2025-12-13 18:36:35,895 ] 648 shap - INFO - np.sum(w_aug) = np.float64(18.999999999999996)
[ 2025-12-13 18:36:35,895 ] 649 shap - INFO - np.sum(self.kernelWeights) = np.float64(0.9999999999999998)
[ 2025-12-13 18:36:35,897 ] 730 shap - INFO - phi = array([-15.43500628,   5.46976383,  -3.49209733,  -3.4688902 ,
         0.        ,   0.        ,   0.        ,   0.        ,
        -0.4784049 ,   0.        ,  -0.91686533,   0.        ,
         0.        ,   0.        ,   0.        ,   0.68919538,
         0.70027728,   0.53857068,   0.55143413])
[ 2025-12-13 18:36:35,897 ] 97 werkzeug - INFO - 127.0.0.1 - - [13/Dec/2025 18:36:35] "POST /predictdata HTTP/1.1" 200 -
