[ 2025-12-13 18:17:49,261 ] 97 werkzeug - WARNING -  * Debugger is active!
[ 2025-12-13 18:17:49,265 ] 97 werkzeug - INFO -  * Debugger PIN: 601-599-574
[ 2025-12-13 18:17:49,696 ] 424 shap - INFO - num_full_subsets = 2
[ 2025-12-13 18:17:49,696 ] 435 shap - INFO - remaining_weight_vector = array([0.21046803, 0.16837443, 0.14432094, 0.12951879, 0.12026745,
       0.11480075, 0.11224962])
[ 2025-12-13 18:17:49,696 ] 436 shap - INFO - num_paired_subset_sizes = 9
[ 2025-12-13 18:17:49,704 ] 475 shap - INFO - weight_left = np.float64(0.5381032434909889)
[ 2025-12-13 18:17:49,706 ] 648 shap - INFO - np.sum(w_aug) = np.float64(19.0)
[ 2025-12-13 18:17:49,706 ] 649 shap - INFO - np.sum(self.kernelWeights) = np.float64(0.9999999999999998)
[ 2025-12-13 18:17:49,707 ] 730 shap - INFO - phi = array([ 0.00000000e+00,  0.00000000e+00, -9.32344300e+09,  9.25947109e+09,
       -3.47380730e+08,  1.90966536e+09, -8.61899478e+08, -5.28078261e+08,
        0.00000000e+00,  0.00000000e+00,  0.00000000e+00,  0.00000000e+00,
        0.00000000e+00,  0.00000000e+00,  0.00000000e+00,  6.82711841e+09,
       -6.88384303e+09,  3.87324715e+09, -3.92485755e+09])
[ 2025-12-13 18:17:49,710 ] 97 werkzeug - INFO - 127.0.0.1 - - [13/Dec/2025 18:17:49] "POST /predictdata HTTP/1.1" 200 -
[ 2025-12-13 18:17:58,283 ] 424 shap - INFO - num_full_subsets = 2
[ 2025-12-13 18:17:58,283 ] 435 shap - INFO - remaining_weight_vector = array([0.21046803, 0.16837443, 0.14432094, 0.12951879, 0.12026745,
       0.11480075, 0.11224962])
[ 2025-12-13 18:17:58,283 ] 436 shap - INFO - num_paired_subset_sizes = 9
[ 2025-12-13 18:17:58,298 ] 475 shap - INFO - weight_left = np.float64(0.5381032434909889)
[ 2025-12-13 18:17:58,300 ] 648 shap - INFO - np.sum(w_aug) = np.float64(18.999999999999996)
[ 2025-12-13 18:17:58,300 ] 649 shap - INFO - np.sum(self.kernelWeights) = np.float64(0.9999999999999998)
[ 2025-12-13 18:17:58,302 ] 730 shap - INFO - phi = array([ 0.00000000e+00,  0.00000000e+00,  1.08673413e+10, -1.09496333e+10,
        0.00000000e+00, -5.85984576e+08,  1.65234289e+09, -5.38938865e+08,
       -3.32546723e+08,  0.00000000e+00,  0.00000000e+00,  0.00000000e+00,
        0.00000000e+00,  0.00000000e+00,  0.00000000e+00,  6.81167611e+09,
       -6.88336893e+09,  3.87729126e+09, -3.91817922e+09])
[ 2025-12-13 18:17:58,303 ] 97 werkzeug - INFO - 127.0.0.1 - - [13/Dec/2025 18:17:58] "POST /predictdata HTTP/1.1" 200 -
[ 2025-12-13 18:18:12,718 ] 424 shap - INFO - num_full_subsets = 2
[ 2025-12-13 18:18:12,718 ] 435 shap - INFO - remaining_weight_vector = array([0.21046803, 0.16837443, 0.14432094, 0.12951879, 0.12026745,
       0.11480075, 0.11224962])
[ 2025-12-13 18:18:12,718 ] 436 shap - INFO - num_paired_subset_sizes = 9
[ 2025-12-13 18:18:12,732 ] 475 shap - INFO - weight_left = np.float64(0.5381032434909889)
[ 2025-12-13 18:18:12,735 ] 648 shap - INFO - np.sum(w_aug) = np.float64(19.0)
[ 2025-12-13 18:18:12,735 ] 649 shap - INFO - np.sum(self.kernelWeights) = np.float64(0.9999999999999998)
[ 2025-12-13 18:18:12,737 ] 730 shap - INFO - phi = array([ 0.00000000e+00,  0.00000000e+00, -9.32439148e+09,  9.26484551e+09,
        0.00000000e+00, -6.09867127e+08,  1.65236883e+09, -5.38361222e+08,
       -3.36228389e+08,  0.00000000e+00,  0.00000000e+00,  0.00000000e+00,
        0.00000000e+00,  0.00000000e+00,  0.00000000e+00,  6.80780582e+09,
       -6.88548607e+09,  3.88541470e+09, -3.91610060e+09])
[ 2025-12-13 18:18:12,737 ] 97 werkzeug - INFO - 127.0.0.1 - - [13/Dec/2025 18:18:12] "POST /predictdata HTTP/1.1" 200 -
[ 2025-12-13 18:24:26,752 ] 97 werkzeug - INFO -  * Detected change in '/Users/denizardasanal/StudentPerformancePrediction/src/utils.py', reloading
